[2024-09-04 02:51:11] Evento/Inicializado: Servidor inicializado en modo de escucha....
[2024-09-04 02:51:15] Evento/Conexión: Se obtuvo una conexión desde 127.0.0.1.
[2024-09-04 02:51:15] Evento/Conexión: Se obtuvo una conexión desde 127.0.0.1.
[2024-09-04 02:51:41] Evento/Conexión: Se obtuvo una conexión desde 127.0.0.1.
[2024-09-04 02:51:41] Evento/Conexión: Se obtuvo una conexión desde 127.0.0.1.
[2024-09-04 02:57:45] Evento/Inicializado: Servidor inicializado en modo de escucha....
[2024-09-04 02:57:48] Evento/Conexión: Se obtuvo una conexión desde 127.0.0.1.
[2024-09-04 02:57:48] Evento/Conexión: Se obtuvo una conexión desde 127.0.0.1.
[2024-09-04 02:58:36] Evento/Conexión: Se obtuvo una conexión desde 127.0.0.1.
[2024-09-04 02:58:36] Evento/Conexión: Se obtuvo una conexión desde 127.0.0.1.
[2024-09-04 02:58:36] Evento/Conexión: Se obtuvo una conexión desde 127.0.0.1.
[2024-09-04 02:58:37] Evento/Conexión: Se obtuvo una conexión desde 127.0.0.1.
[2024-09-04 02:58:37] Evento/Conexión: Se obtuvo una conexión desde 127.0.0.1.
[2024-09-04 02:58:37] Evento/Conexión: Se obtuvo una conexión desde 127.0.0.1.
[2024-09-04 02:58:37] Evento/Conexión: Se obtuvo una conexión desde 127.0.0.1.
[2024-09-04 02:58:37] Evento/Conexión: Se obtuvo una conexión desde 127.0.0.1.
[2024-09-04 02:58:37] Evento/Conexión: Se obtuvo una conexión desde 127.0.0.1.
[2024-09-04 02:58:37] Evento/Conexión: Se obtuvo una conexión desde 127.0.0.1.
[2024-09-04 02:58:38] Evento/Conexión: Se obtuvo una conexión desde 127.0.0.1.
[2024-09-04 02:58:38] Evento/Conexión: Se obtuvo una conexión desde 127.0.0.1.
[2024-09-04 02:58:54] Evento/Conexión: Se obtuvo una conexión desde 127.0.0.1.
[2024-09-04 02:58:54] Evento/Conexión: Se obtuvo una conexión desde 192.168.0.3.
[2024-09-04 02:58:54] Evento/Conexión: Se obtuvo una conexión desde 192.168.0.3.
[2024-09-04 02:58:54] Evento/Conexión: Se obtuvo una conexión desde 192.168.0.3.
[2024-09-04 02:58:54] Evento/Conexión: Se obtuvo una conexión desde 127.0.0.1.
[2024-09-04 02:58:54] Evento/Conexión: Se obtuvo una conexión desde 127.0.0.1.
[2024-09-04 02:59:18] Evento/Conexión: Se obtuvo una conexión desde 192.168.0.3.
[2024-09-04 02:59:18] Evento/Conexión: Se obtuvo una conexión desde 127.0.0.1.
[2024-09-04 02:59:18] Evento/Conexión: Se obtuvo una conexión desde 127.0.0.1.
[2024-09-04 02:59:19] Evento/Conexión: Se obtuvo una conexión desde 192.168.0.3.
[2024-09-04 02:59:19] Evento/Conexión: Se obtuvo una conexión desde 192.168.0.3.
[2024-09-04 02:59:24] Evento/Conexión: Se obtuvo una conexión desde 127.0.0.1.
[2024-09-04 02:59:24] Evento/Conexión: Se obtuvo una conexión desde 192.168.0.3.
[2024-09-04 02:59:24] Evento/Conexión: Se obtuvo una conexión desde 127.0.0.1.
[2024-09-04 02:59:24] Evento/Conexión: Se obtuvo una conexión desde 192.168.0.3.
[2024-09-04 02:59:29] Evento/Conexión: Se obtuvo una conexión desde 192.168.0.3.
[2024-09-04 02:59:29] Evento/Conexión: Se obtuvo una conexión desde 192.168.0.3.
[2024-09-04 02:59:59] Evento/Conexión: Se obtuvo una conexión desde 192.168.0.3.
[2024-09-04 02:59:59] Evento/Conexión: Se obtuvo una conexión desde 127.0.0.1.
[2024-09-04 02:59:59] Evento/Conexión: Se obtuvo una conexión desde 127.0.0.1.
[2024-09-04 02:59:59] Evento/Conexión: Se obtuvo una conexión desde 127.0.0.1.
[2024-09-04 10:54:03] Evento/Inicializado: Servidor inicializado en modo de escucha....
[2024-09-04 10:54:25] Evento/Conexión: Se obtuvo una conexión desde 127.0.0.1.
[2024-09-04 10:54:25] Evento/Conexión: Se obtuvo una conexión desde 127.0.0.1.
[2024-09-04 10:54:25] Evento/Conexión: Se obtuvo una conexión desde 127.0.0.1.
[2024-09-04 10:55:01] Evento/Conexión: Se obtuvo una conexión desde 127.0.0.1.
[2024-09-04 10:55:08] Evento/Conexión: Se obtuvo una conexión desde 127.0.0.1.
[2024-09-04 10:55:08] Evento/Conexión: Se obtuvo una conexión desde 127.0.0.1.
[2024-09-04 10:55:09] Evento/Conexión: Se obtuvo una conexión desde 127.0.0.1.
[2024-09-04 10:55:09] Evento/Conexión: Se obtuvo una conexión desde 127.0.0.1.
[2024-09-04 10:55:09] Evento/Conexión: Se obtuvo una conexión desde 127.0.0.1.
[2024-09-04 10:55:09] Evento/Conexión: Se obtuvo una conexión desde 127.0.0.1.
[2024-09-04 10:55:09] Evento/Conexión: Se obtuvo una conexión desde 127.0.0.1.
[2024-09-04 10:55:10] Evento/Conexión: Se obtuvo una conexión desde 127.0.0.1.
[2024-09-04 10:55:10] Evento/Conexión: Se obtuvo una conexión desde 127.0.0.1.
[2024-09-04 10:55:10] Evento/Conexión: Se obtuvo una conexión desde 127.0.0.1.
[2024-09-04 10:55:10] Evento/Conexión: Se obtuvo una conexión desde 127.0.0.1.
[2024-09-04 10:55:10] Evento/Conexión: Se obtuvo una conexión desde 127.0.0.1.
[2024-09-04 10:55:10] Evento/Conexión: Se obtuvo una conexión desde 127.0.0.1.
[2024-09-04 10:55:31] Evento/Inicializado: Servidor inicializado en modo de escucha....
[2024-09-04 10:55:47] Evento/Conexión: Se obtuvo una conexión desde 192.168.0.3.
[2024-09-04 10:55:47] Evento/Conexión: Se obtuvo una conexión desde 192.168.0.3.
[2024-09-04 10:55:47] Evento/Conexión: Se obtuvo una conexión desde 192.168.0.3.
[2024-09-04 10:55:59] Evento/Conexión: Se obtuvo una conexión desde 127.0.0.1.
[2024-09-04 10:55:59] Evento/Conexión: Se obtuvo una conexión desde 127.0.0.1.
[2024-09-04 10:56:03] Evento/Conexión: Se obtuvo una conexión desde 192.168.0.3.
[2024-09-04 10:56:03] Evento/Conexión: Se obtuvo una conexión desde 192.168.0.3.
[2024-09-04 10:56:19] Evento/Conexión: Se obtuvo una conexión desde 127.0.0.1.
[2024-09-04 10:56:19] Evento/Conexión: Se obtuvo una conexión desde 127.0.0.1.
[2024-09-04 10:56:27] Evento/Conexión: Se obtuvo una conexión desde 192.168.0.3.
[2024-09-04 10:56:27] Evento/Conexión: Se obtuvo una conexión desde 192.168.0.3.
[2024-09-04 10:56:27] Evento/Conexión: Se obtuvo una conexión desde 192.168.0.3.
[2024-09-04 10:56:43] Evento/Conexión: Se obtuvo una conexión desde 127.0.0.1.
[2024-09-04 10:56:43] Evento/Conexión: Se obtuvo una conexión desde 127.0.0.1.
[2024-09-04 10:59:52] Evento/Conexión: Se obtuvo una conexión desde 127.0.0.1.
[2024-09-04 11:00:10] Evento/Conexión: Se obtuvo una conexión desde 127.0.0.1.
[2024-09-04 11:00:20] Evento/Conexión: Se obtuvo una conexión desde 127.0.0.1.
[2024-09-04 11:00:20] Evento/Conexión: Se obtuvo una conexión desde 127.0.0.1.
[2024-09-04 11:00:20] Evento/Conexión: Se obtuvo una conexión desde 127.0.0.1.
[2024-09-04 11:00:47] Evento/Conexión: Se obtuvo una conexión desde 192.168.0.3.
[2024-09-04 11:00:47] Evento/Conexión: Se obtuvo una conexión desde 192.168.0.3.
[2024-09-04 11:00:47] Evento/Conexión: Se obtuvo una conexión desde 127.0.0.1.
[2024-09-04 11:00:47] Evento/Conexión: Se obtuvo una conexión desde 192.168.0.3.
[2024-09-04 11:01:00] Evento/Conexión: Se obtuvo una conexión desde 192.168.0.3.
[2024-09-04 11:01:00] Evento/Conexión: Se obtuvo una conexión desde 192.168.0.3.
[2024-09-04 11:01:02] Evento/Conexión: Se obtuvo una conexión desde 192.168.0.3.
[2024-09-04 11:01:02] Evento/Conexión: Se obtuvo una conexión desde 192.168.0.3.
[2024-09-04 11:01:02] Evento/Conexión: Se obtuvo una conexión desde 192.168.0.3.
[2024-09-04 11:01:02] Evento/Conexión: Se obtuvo una conexión desde 192.168.0.3.
[2024-09-04 11:01:02] Evento/Conexión: Se obtuvo una conexión desde 192.168.0.3.
[2024-09-04 11:01:11] Evento/Conexión: Se obtuvo una conexión desde 127.0.0.1.
[2024-09-04 11:01:11] Evento/Conexión: Se obtuvo una conexión desde 127.0.0.1.
[2024-09-04 11:01:12] Evento/Conexión: Se obtuvo una conexión desde 127.0.0.1.
[2024-09-04 11:01:12] Evento/Conexión: Se obtuvo una conexión desde 127.0.0.1.
[2024-09-04 11:01:14] Evento/Conexión: Se obtuvo una conexión desde 127.0.0.1.
[2024-09-04 11:01:14] Evento/Conexión: Se obtuvo una conexión desde 127.0.0.1.
[2024-09-04 11:01:17] Evento/Conexión: Se obtuvo una conexión desde 192.168.0.3.
[2024-09-04 11:01:17] Evento/Conexión: Se obtuvo una conexión desde 192.168.0.3.
[2024-09-04 11:01:22] Evento/Conexión: Se obtuvo una conexión desde 127.0.0.1.
[2024-09-04 11:01:22] Evento/Conexión: Se obtuvo una conexión desde 127.0.0.1.
[2024-09-04 11:01:28] Evento/Conexión: Se obtuvo una conexión desde 192.168.0.3.
[2024-09-04 11:01:28] Evento/Conexión: Se obtuvo una conexión desde 192.168.0.3.
[2024-09-04 11:01:32] Evento/Conexión: Se obtuvo una conexión desde 127.0.0.1.
[2024-09-04 11:01:32] Evento/Conexión: Se obtuvo una conexión desde 127.0.0.1.
[2024-09-04 11:01:32] Evento/Conexión: Se obtuvo una conexión desde 127.0.0.1.
[2024-09-04 11:01:55] Evento/Conexión: Se obtuvo una conexión desde 192.168.0.3.
[2024-09-04 11:01:55] Evento/Conexión: Se obtuvo una conexión desde 192.168.0.3.
[2024-09-04 11:01:55] Evento/Conexión: Se obtuvo una conexión desde 127.0.0.1.
[2024-09-04 11:01:55] Evento/Conexión: Se obtuvo una conexión desde 127.0.0.1.
[2024-09-04 11:03:04] Evento/Inicializado: Servidor inicializado en modo de escucha....
[2024-09-04 11:03:08] Evento/Conexión: Se obtuvo una conexión desde 192.168.0.3.
[2024-09-04 11:03:08] Evento/Conexión: Se obtuvo una conexión desde 192.168.0.3.
[2024-09-04 11:03:14] Evento/Conexión: Se obtuvo una conexión desde 192.168.0.3.
[2024-09-04 11:03:14] Evento/Conexión: Se obtuvo una conexión desde 192.168.0.3.
[2024-09-04 11:03:18] Evento/Conexión: Se obtuvo una conexión desde 192.168.0.3.
[2024-09-04 11:03:18] Evento/Conexión: Se obtuvo una conexión desde 192.168.0.3.
[2024-09-04 11:03:18] Evento/Conexión: Se obtuvo una conexión desde 192.168.0.3.
[2024-09-04 11:03:36] Evento/Conexión: Se obtuvo una conexión desde 127.0.0.1.
[2024-09-04 11:03:36] Evento/Conexión: Se obtuvo una conexión desde 127.0.0.1.
[2024-09-04 11:03:36] Evento/Conexión: Se obtuvo una conexión desde 192.168.0.3.
[2024-09-04 11:03:40] Evento/Conexión: Se obtuvo una conexión desde 127.0.0.1.
[2024-09-04 11:03:40] Evento/Conexión: Se obtuvo una conexión desde 127.0.0.1.
[2024-09-04 11:03:41] Evento/Conexión: Se obtuvo una conexión desde 127.0.0.1.
[2024-09-04 11:03:41] Evento/Conexión: Se obtuvo una conexión desde 127.0.0.1.
[2024-09-04 11:03:41] Evento/Conexión: Se obtuvo una conexión desde 127.0.0.1.
[2024-09-04 11:03:43] Evento/Conexión: Se obtuvo una conexión desde 127.0.0.1.
[2024-09-04 11:03:45] Evento/Conexión: Se obtuvo una conexión desde 127.0.0.1.
[2024-09-04 11:03:45] Evento/Conexión: Se obtuvo una conexión desde 127.0.0.1.
[2024-09-04 11:03:46] Evento/Conexión: Se obtuvo una conexión desde 127.0.0.1.
[2024-09-04 11:03:46] Evento/Conexión: Se obtuvo una conexión desde 127.0.0.1.
[2024-09-04 11:03:47] Evento/Conexión: Se obtuvo una conexión desde 127.0.0.1.
[2024-09-04 11:03:47] Evento/Conexión: Se obtuvo una conexión desde 127.0.0.1.
[2024-09-04 11:03:48] Evento/Conexión: Se obtuvo una conexión desde 127.0.0.1.
[2024-09-04 11:03:48] Evento/Conexión: Se obtuvo una conexión desde 127.0.0.1.
[2024-09-04 11:03:50] Evento/Conexión: Se obtuvo una conexión desde 127.0.0.1.
[2024-09-04 11:03:50] Evento/Conexión: Se obtuvo una conexión desde 127.0.0.1.
[2024-09-04 11:03:51] Evento/Conexión: Se obtuvo una conexión desde 127.0.0.1.
[2024-09-04 11:03:51] Evento/Conexión: Se obtuvo una conexión desde 127.0.0.1.
[2024-09-04 11:03:52] Evento/Conexión: Se obtuvo una conexión desde 127.0.0.1.
[2024-09-04 11:03:52] Evento/Conexión: Se obtuvo una conexión desde 127.0.0.1.
[2024-09-04 11:03:53] Evento/Conexión: Se obtuvo una conexión desde 127.0.0.1.
[2024-09-04 11:03:53] Evento/Conexión: Se obtuvo una conexión desde 127.0.0.1.
[2024-09-04 11:03:53] Evento/Conexión: Se obtuvo una conexión desde 127.0.0.1.
[2024-09-04 11:03:53] Evento/Conexión: Se obtuvo una conexión desde 127.0.0.1.
[2024-09-04 11:03:54] Evento/Conexión: Se obtuvo una conexión desde 127.0.0.1.
[2024-09-04 11:03:54] Evento/Conexión: Se obtuvo una conexión desde 127.0.0.1.
[2024-09-04 11:03:54] Evento/Conexión: Se obtuvo una conexión desde 127.0.0.1.
[2024-09-04 11:03:57] Evento/Conexión: Se obtuvo una conexión desde 127.0.0.1.
[2024-09-04 11:03:57] Evento/Conexión: Se obtuvo una conexión desde 127.0.0.1.
[2024-09-04 11:03:59] Evento/Conexión: Se obtuvo una conexión desde 127.0.0.1.
[2024-09-04 11:03:59] Evento/Conexión: Se obtuvo una conexión desde 127.0.0.1.
[2024-09-04 11:04:00] Evento/Conexión: Se obtuvo una conexión desde 127.0.0.1.
[2024-09-04 11:04:00] Evento/Conexión: Se obtuvo una conexión desde 127.0.0.1.
[2024-09-04 11:04:02] Evento/Conexión: Se obtuvo una conexión desde 127.0.0.1.
[2024-09-04 11:04:02] Evento/Conexión: Se obtuvo una conexión desde 127.0.0.1.
[2024-09-04 11:04:09] Evento/Conexión: Se obtuvo una conexión desde 192.168.0.3.
[2024-09-04 11:04:09] Evento/Conexión: Se obtuvo una conexión desde 192.168.0.3.
[2024-09-04 11:04:09] Evento/Conexión: Se obtuvo una conexión desde 127.0.0.1.
[2024-09-04 11:04:09] Evento/Conexión: Se obtuvo una conexión desde 127.0.0.1.
[2024-09-04 11:04:12] Evento/Conexión: Se obtuvo una conexión desde 127.0.0.1.
[2024-09-04 11:04:12] Evento/Conexión: Se obtuvo una conexión desde 127.0.0.1.
[2024-09-04 11:04:13] Evento/Conexión: Se obtuvo una conexión desde 127.0.0.1.
[2024-09-04 11:04:13] Evento/Conexión: Se obtuvo una conexión desde 127.0.0.1.
[2024-09-04 11:04:13] Evento/Conexión: Se obtuvo una conexión desde 127.0.0.1.
[2024-09-04 11:04:16] Evento/Conexión: Se obtuvo una conexión desde 127.0.0.1.
[2024-09-04 11:04:16] Evento/Conexión: Se obtuvo una conexión desde 127.0.0.1.
[2024-09-04 11:04:16] Evento/Conexión: Se obtuvo una conexión desde 127.0.0.1.
[2024-09-04 11:04:17] Evento/Conexión: Se obtuvo una conexión desde 127.0.0.1.
[2024-09-04 11:04:17] Evento/Conexión: Se obtuvo una conexión desde 127.0.0.1.
[2024-09-04 11:04:17] Evento/Conexión: Se obtuvo una conexión desde 127.0.0.1.
[2024-09-04 11:04:18] Evento/Conexión: Se obtuvo una conexión desde 127.0.0.1.
[2024-09-04 11:04:18] Evento/Conexión: Se obtuvo una conexión desde 127.0.0.1.
[2024-09-04 11:04:19] Evento/Conexión: Se obtuvo una conexión desde 127.0.0.1.
[2024-09-04 11:04:19] Evento/Conexión: Se obtuvo una conexión desde 127.0.0.1.
[2024-09-04 11:04:19] Evento/Conexión: Se obtuvo una conexión desde 127.0.0.1.
[2024-09-04 11:04:19] Evento/Conexión: Se obtuvo una conexión desde 127.0.0.1.
[2024-09-04 11:04:20] Evento/Conexión: Se obtuvo una conexión desde 127.0.0.1.
[2024-09-04 11:04:20] Evento/Conexión: Se obtuvo una conexión desde 127.0.0.1.
[2024-09-04 11:04:21] Evento/Conexión: Se obtuvo una conexión desde 127.0.0.1.
[2024-09-04 11:04:21] Evento/Conexión: Se obtuvo una conexión desde 127.0.0.1.
[2024-09-04 11:04:22] Evento/Conexión: Se obtuvo una conexión desde 127.0.0.1.
[2024-09-04 11:04:22] Evento/Conexión: Se obtuvo una conexión desde 127.0.0.1.
[2024-09-04 11:04:23] Evento/Conexión: Se obtuvo una conexión desde 127.0.0.1.
[2024-09-04 11:04:23] Evento/Conexión: Se obtuvo una conexión desde 127.0.0.1.
[2024-09-04 11:11:02] Evento/Inicializado: Servidor inicializado en modo de escucha....
[2024-09-04 11:11:04] Evento/Conexión: Se obtuvo una conexión desde 127.0.0.1.
[2024-09-04 11:11:04] Evento/Conexión: Se obtuvo una conexión desde 127.0.0.1.
[2024-09-04 11:11:07] Evento/Conexión: Se obtuvo una conexión desde 127.0.0.1.
[2024-09-04 11:11:07] Evento/Conexión: Se obtuvo una conexión desde 127.0.0.1.
[2024-09-04 11:11:07] Evento/Conexión: Se obtuvo una conexión desde 127.0.0.1.
[2024-09-04 11:11:09] Evento/Conexión: Se obtuvo una conexión desde 127.0.0.1.
[2024-09-04 11:11:09] Evento/Conexión: Se obtuvo una conexión desde 127.0.0.1.
[2024-09-04 11:11:10] Evento/Conexión: Se obtuvo una conexión desde 127.0.0.1.
[2024-09-04 11:11:21] Evento/Conexión: Se obtuvo una conexión desde 127.0.0.1.
[2024-09-04 11:11:21] Evento/Conexión: Se obtuvo una conexión desde 127.0.0.1.
[2024-09-04 11:11:24] Evento/Conexión: Se obtuvo una conexión desde 127.0.0.1.
[2024-09-04 11:11:24] Evento/Conexión: Se obtuvo una conexión desde 127.0.0.1.
[2024-09-04 11:11:26] Evento/Conexión: Se obtuvo una conexión desde 127.0.0.1.
[2024-09-04 11:11:26] Evento/Conexión: Se obtuvo una conexión desde 127.0.0.1.
[2024-09-04 11:11:28] Evento/Conexión: Se obtuvo una conexión desde 127.0.0.1.
[2024-09-04 11:11:28] Evento/Conexión: Se obtuvo una conexión desde 127.0.0.1.
[2024-09-04 11:11:30] Evento/Conexión: Se obtuvo una conexión desde 127.0.0.1.
[2024-09-04 11:11:30] Evento/Conexión: Se obtuvo una conexión desde 127.0.0.1.
[2024-09-04 11:11:30] Evento/Conexión: Se obtuvo una conexión desde 127.0.0.1.
[2024-09-04 11:11:34] Evento/Conexión: Se obtuvo una conexión desde 127.0.0.1.
[2024-09-04 11:11:36] Evento/Conexión: Se obtuvo una conexión desde 127.0.0.1.
[2024-09-04 11:11:36] Evento/Conexión: Se obtuvo una conexión desde 127.0.0.1.
[2024-09-04 11:11:37] Evento/Conexión: Se obtuvo una conexión desde 127.0.0.1.
[2024-09-04 11:11:37] Evento/Conexión: Se obtuvo una conexión desde 127.0.0.1.
[2024-09-04 11:11:37] Evento/Conexión: Se obtuvo una conexión desde 127.0.0.1.
[2024-09-04 11:11:37] Evento/Conexión: Se obtuvo una conexión desde 127.0.0.1.
[2024-09-04 11:11:37] Evento/Conexión: Se obtuvo una conexión desde 127.0.0.1.
[2024-09-04 11:11:38] Evento/Conexión: Se obtuvo una conexión desde 127.0.0.1.
[2024-09-04 11:11:38] Evento/Conexión: Se obtuvo una conexión desde 127.0.0.1.
[2024-09-04 11:11:38] Evento/Conexión: Se obtuvo una conexión desde 127.0.0.1.
[2024-09-04 11:11:39] Evento/Conexión: Se obtuvo una conexión desde 127.0.0.1.
[2024-09-04 11:11:39] Evento/Conexión: Se obtuvo una conexión desde 127.0.0.1.
[2024-09-04 11:11:39] Evento/Conexión: Se obtuvo una conexión desde 127.0.0.1.
[2024-09-04 11:11:41] Evento/Conexión: Se obtuvo una conexión desde 127.0.0.1.
[2024-09-04 11:11:41] Evento/Conexión: Se obtuvo una conexión desde 127.0.0.1.
[2024-09-04 11:11:41] Evento/Conexión: Se obtuvo una conexión desde 127.0.0.1.
[2024-09-04 11:11:41] Evento/Conexión: Se obtuvo una conexión desde 127.0.0.1.
[2024-09-04 11:11:42] Evento/Conexión: Se obtuvo una conexión desde 127.0.0.1.
[2024-09-04 11:11:43] Evento/Conexión: Se obtuvo una conexión desde 127.0.0.1.
[2024-09-04 11:11:43] Evento/Conexión: Se obtuvo una conexión desde 127.0.0.1.
[2024-09-04 11:11:43] Evento/Conexión: Se obtuvo una conexión desde 127.0.0.1.
[2024-09-04 11:11:43] Evento/Conexión: Se obtuvo una conexión desde 127.0.0.1.
[2024-09-04 11:11:44] Evento/Conexión: Se obtuvo una conexión desde 127.0.0.1.
[2024-09-04 11:11:44] Evento/Conexión: Se obtuvo una conexión desde 127.0.0.1.
[2024-09-04 11:11:51] Evento/Conexión: Se obtuvo una conexión desde 127.0.0.1.
[2024-09-04 11:11:51] Evento/Conexión: Se obtuvo una conexión desde 127.0.0.1.
[2024-09-04 15:00:31] Evento/Inicializado: Servidor inicializado en modo de escucha....
[2024-09-04 15:00:38] Evento/Conexión: Se obtuvo una conexión desde 127.0.0.1.
[2024-09-04 15:01:05] Evento/Inicializado: Servidor inicializado en modo de escucha....
[2024-09-04 15:01:08] Evento/Conexión: Se obtuvo una conexión desde 127.0.0.1.
[2024-09-04 15:01:08] Evento/Solicitud GET: El cliente 127.0.0.1:47270 solicita /hola con el método GET.
[2024-09-04 15:01:08] Evento/Conexión: Se obtuvo una conexión desde 127.0.0.1.
[2024-09-04 15:01:08] Evento/Solicitud GET: El cliente 127.0.0.1:47276 solicita /favicon.ico con el método GET.
[2024-09-04 15:01:08] Evento/Conexión: Se obtuvo una conexión desde 127.0.0.1.
[2024-09-04 15:06:06] Evento/Inicializado: Servidor inicializado en modo de escucha....
[2024-09-04 15:06:10] Evento/Conexión: Se obtuvo una conexión desde 127.0.0.1.
[2024-09-04 15:06:10] Evento/Solicitud GET: El cliente 127.0.0.1:52372 solicita /hola con el método GET.
[2024-09-04 15:06:10] Evento/Conexión: Se obtuvo una conexión desde 127.0.0.1.
[2024-09-04 15:06:10] Evento/Solicitud GET: El cliente 127.0.0.1:52376 solicita /favicon.ico con el método GET.
[2024-09-04 15:07:31] Evento/Conexión: Se obtuvo una conexión desde 127.0.0.1.
[2024-09-04 15:07:31] Evento/Solicitud GET: El cliente 127.0.0.1:36158 solicita /hola con el método GET.
[2024-09-04 15:07:31] Evento/Conexión: Se obtuvo una conexión desde 127.0.0.1.
[2024-09-04 15:07:31] Evento/Solicitud GET: El cliente 127.0.0.1:36162 solicita /favicon.ico con el método GET.
[2024-09-04 15:07:34] Evento/Conexión: Se obtuvo una conexión desde 127.0.0.1.
[2024-09-04 15:07:34] Evento/Solicitud GET: El cliente 127.0.0.1:36170 solicita /hola con el método GET.
[2024-09-04 15:07:34] Evento/Conexión: Se obtuvo una conexión desde 127.0.0.1.
[2024-09-04 15:07:34] Evento/Solicitud GET: El cliente 127.0.0.1:36172 solicita /favicon.ico con el método GET.
[2024-09-04 15:07:35] Evento/Conexión: Se obtuvo una conexión desde 127.0.0.1.
[2024-09-04 15:07:35] Evento/Solicitud GET: El cliente 127.0.0.1:36178 solicita /hola con el método GET.
[2024-09-04 15:07:35] Evento/Conexión: Se obtuvo una conexión desde 127.0.0.1.
[2024-09-04 15:07:35] Evento/Solicitud GET: El cliente 127.0.0.1:36188 solicita /favicon.ico con el método GET.
[2024-09-04 15:07:35] Evento/Conexión: Se obtuvo una conexión desde 127.0.0.1.
[2024-09-04 15:07:35] Evento/Solicitud GET: El cliente 127.0.0.1:36200 solicita /hola con el método GET.
[2024-09-04 15:07:35] Evento/Conexión: Se obtuvo una conexión desde 127.0.0.1.
[2024-09-04 15:07:36] Evento/Solicitud GET: El cliente 127.0.0.1:36206 solicita /favicon.ico con el método GET.
[2024-09-04 15:07:36] Evento/Conexión: Se obtuvo una conexión desde 127.0.0.1.
[2024-09-04 15:07:36] Evento/Solicitud GET: El cliente 127.0.0.1:36210 solicita /hola con el método GET.
[2024-09-04 15:07:36] Evento/Conexión: Se obtuvo una conexión desde 127.0.0.1.
[2024-09-04 15:07:36] Evento/Solicitud GET: El cliente 127.0.0.1:36220 solicita /favicon.ico con el método GET.
[2024-09-04 15:07:36] Evento/Conexión: Se obtuvo una conexión desde 127.0.0.1.
[2024-09-04 15:07:36] Evento/Solicitud GET: El cliente 127.0.0.1:36236 solicita /hola con el método GET.
[2024-09-04 15:07:36] Evento/Conexión: Se obtuvo una conexión desde 127.0.0.1.
[2024-09-04 15:07:37] Evento/Solicitud GET: El cliente 127.0.0.1:36246 solicita /favicon.ico con el método GET.
[2024-09-04 15:07:37] Evento/Conexión: Se obtuvo una conexión desde 127.0.0.1.
[2024-09-04 15:07:37] Evento/Solicitud GET: El cliente 127.0.0.1:36258 solicita /hola con el método GET.
[2024-09-04 15:07:37] Evento/Conexión: Se obtuvo una conexión desde 127.0.0.1.
[2024-09-04 15:07:37] Evento/Solicitud GET: El cliente 127.0.0.1:36262 solicita /favicon.ico con el método GET.
[2024-09-04 15:07:37] Evento/Conexión: Se obtuvo una conexión desde 127.0.0.1.
[2024-09-04 15:07:37] Evento/Solicitud GET: El cliente 127.0.0.1:36272 solicita /hola con el método GET.
[2024-09-04 15:07:37] Evento/Conexión: Se obtuvo una conexión desde 127.0.0.1.
[2024-09-04 15:07:37] Evento/Solicitud GET: El cliente 127.0.0.1:36282 solicita /favicon.ico con el método GET.
[2024-09-04 15:07:38] Evento/Conexión: Se obtuvo una conexión desde 127.0.0.1.
[2024-09-04 15:07:38] Evento/Solicitud GET: El cliente 127.0.0.1:36284 solicita /hola con el método GET.
[2024-09-04 15:07:38] Evento/Conexión: Se obtuvo una conexión desde 127.0.0.1.
[2024-09-04 15:07:38] Evento/Solicitud GET: El cliente 127.0.0.1:36296 solicita /favicon.ico con el método GET.
[2024-09-04 15:07:47] Evento/Conexión: Se obtuvo una conexión desde 192.168.0.3.
[2024-09-04 15:07:47] Evento/Solicitud GET: El cliente 192.168.0.3:58834 solicita /tovach con el método GET.
[2024-09-04 15:07:47] Evento/Conexión: Se obtuvo una conexión desde 192.168.0.3.
[2024-09-04 15:07:47] Evento/Solicitud GET: El cliente 192.168.0.3:58835 solicita /favicon.ico con el método GET.
[2024-09-04 15:07:52] Evento/Conexión: Se obtuvo una conexión desde 192.168.0.3.
[2024-09-04 15:07:52] Evento/Solicitud GET: El cliente 192.168.0.3:58836 solicita /tovach con el método GET.
[2024-09-04 15:07:52] Evento/Conexión: Se obtuvo una conexión desde 192.168.0.3.
[2024-09-04 15:07:52] Evento/Solicitud GET: El cliente 192.168.0.3:58837 solicita /favicon.ico con el método GET.
[2024-09-04 15:07:54] Evento/Conexión: Se obtuvo una conexión desde 192.168.0.3.
[2024-09-04 15:07:54] Evento/Solicitud GET: El cliente 192.168.0.3:58838 solicita /tovach con el método GET.
[2024-09-04 15:07:54] Evento/Conexión: Se obtuvo una conexión desde 192.168.0.3.
[2024-09-04 15:07:54] Evento/Solicitud GET: El cliente 192.168.0.3:58839 solicita /favicon.ico con el método GET.
[2024-09-04 15:07:55] Evento/Conexión: Se obtuvo una conexión desde 192.168.0.3.
[2024-09-04 15:07:55] Evento/Solicitud GET: El cliente 192.168.0.3:58840 solicita /tovach con el método GET.
[2024-09-04 15:07:55] Evento/Conexión: Se obtuvo una conexión desde 192.168.0.3.
[2024-09-04 15:07:55] Evento/Solicitud GET: El cliente 192.168.0.3:58841 solicita /favicon.ico con el método GET.
[2024-09-04 15:07:55] Evento/Conexión: Se obtuvo una conexión desde 192.168.0.3.
[2024-09-04 15:07:55] Evento/Solicitud GET: El cliente 192.168.0.3:58842 solicita /tovach con el método GET.
[2024-09-04 15:07:55] Evento/Conexión: Se obtuvo una conexión desde 192.168.0.3.
[2024-09-04 15:07:55] Evento/Solicitud GET: El cliente 192.168.0.3:58843 solicita /favicon.ico con el método GET.
[2024-09-04 15:07:58] Evento/Conexión: Se obtuvo una conexión desde 192.168.0.3.
[2024-09-04 15:07:58] Evento/Solicitud GET: El cliente 192.168.0.3:58844 solicita /pepe con el método GET.
[2024-09-04 15:07:58] Evento/Conexión: Se obtuvo una conexión desde 192.168.0.3.
[2024-09-04 15:07:58] Evento/Solicitud GET: El cliente 192.168.0.3:58845 solicita /favicon.ico con el método GET.
[2024-09-04 15:08:16] Evento/Conexión: Se obtuvo una conexión desde 192.168.0.3.
[2024-09-04 15:08:16] Evento/Solicitud GET: El cliente 192.168.0.3:58851 solicita /pepe/5 con el método GET.
[2024-09-04 15:08:16] Evento/Conexión: Se obtuvo una conexión desde 192.168.0.3.
[2024-09-04 15:08:17] Evento/Solicitud GET: El cliente 192.168.0.3:58852 solicita /favicon.ico con el método GET.
[2024-09-04 15:11:14] Evento/Conexión: Se obtuvo una conexión desde 127.0.0.1.
[2024-09-04 15:11:33] Evento/Conexión: Se obtuvo una conexión desde 127.0.0.1.
[2024-09-04 15:11:33] Evento/Solicitud GET: El cliente 127.0.0.1:55552 solicita /hola2 con el método GET.
[2024-09-04 15:12:44] Evento/Conexión: Se obtuvo una conexión desde 127.0.0.1.
[2024-09-04 15:12:54] Evento/Solicitud GET: El cliente 127.0.0.1:47194 solicita /hola con el método GET.
[2024-09-04 15:13:07] Evento/Conexión: Se obtuvo una conexión desde 127.0.0.1.
[2024-09-04 15:13:22] Evento/Conexión: Se obtuvo una conexión desde 127.0.0.1.
